2024-04-17 16:54:45,896 INFO    StreamThr :13694 [internal.py:wandb_internal():86] W&B internal server running at pid: 13694, started at: 2024-04-17 16:54:45.895984
2024-04-17 16:54:45,897 DEBUG   HandlerThread:13694 [handler.py:handle_request():146] handle_request: status
2024-04-17 16:54:45,898 INFO    WriterThread:13694 [datastore.py:open_for_write():87] open: /Users/samharshe/Documents/Gerstein Lab/QM9 Pro/wandb/run-20240417_165439-mykyhzuc/run-mykyhzuc.wandb
2024-04-17 16:54:45,899 DEBUG   SenderThread:13694 [sender.py:send():378] send: header
2024-04-17 16:54:45,899 DEBUG   SenderThread:13694 [sender.py:send():378] send: run
2024-04-17 16:54:46,096 INFO    SenderThread:13694 [dir_watcher.py:__init__():211] watching files in: /Users/samharshe/Documents/Gerstein Lab/QM9 Pro/wandb/run-20240417_165439-mykyhzuc/files
2024-04-17 16:54:46,096 INFO    SenderThread:13694 [sender.py:_start_run_threads():1099] run started: mykyhzuc with start time 1713387284.944565
2024-04-17 16:54:46,110 DEBUG   HandlerThread:13694 [handler.py:handle_request():146] handle_request: check_version
2024-04-17 16:54:46,111 DEBUG   SenderThread:13694 [sender.py:send_request():405] send_request: check_version
2024-04-17 16:54:46,201 DEBUG   HandlerThread:13694 [handler.py:handle_request():146] handle_request: run_start
2024-04-17 16:54:46,202 DEBUG   HandlerThread:13694 [system_info.py:__init__():26] System info init
2024-04-17 16:54:46,202 DEBUG   HandlerThread:13694 [system_info.py:__init__():41] System info init done
2024-04-17 16:54:46,202 INFO    HandlerThread:13694 [system_monitor.py:start():194] Starting system monitor
2024-04-17 16:54:46,202 INFO    SystemMonitor:13694 [system_monitor.py:_start():158] Starting system asset monitoring threads
2024-04-17 16:54:46,203 INFO    HandlerThread:13694 [system_monitor.py:probe():214] Collecting system info
2024-04-17 16:54:46,203 DEBUG   HandlerThread:13694 [system_info.py:probe():150] Probing system
2024-04-17 16:54:46,203 INFO    SystemMonitor:13694 [interfaces.py:start():190] Started cpu monitoring
2024-04-17 16:54:46,205 INFO    SystemMonitor:13694 [interfaces.py:start():190] Started disk monitoring
2024-04-17 16:54:46,206 INFO    SystemMonitor:13694 [interfaces.py:start():190] Started memory monitoring
2024-04-17 16:54:46,207 INFO    SystemMonitor:13694 [interfaces.py:start():190] Started network monitoring
2024-04-17 16:54:46,208 DEBUG   HandlerThread:13694 [system_info.py:_probe_git():135] Probing git
2024-04-17 16:54:46,235 DEBUG   HandlerThread:13694 [system_info.py:_probe_git():143] Probing git done
2024-04-17 16:54:46,235 DEBUG   HandlerThread:13694 [system_info.py:probe():198] Probing system done
2024-04-17 16:54:46,235 DEBUG   HandlerThread:13694 [system_monitor.py:probe():223] {'os': 'macOS-10.16-x86_64-i386-64bit', 'python': '3.11.8', 'heartbeatAt': '2024-04-17T20:54:46.203302', 'startedAt': '2024-04-17T20:54:39.293692', 'docker': None, 'cuda': None, 'args': (), 'state': 'running', 'program': 'main.ipynb', 'codePathLocal': 'main.ipynb', 'git': {'remote': 'git@github.com:samharshe/QM9-Pro.git', 'commit': '66a9f7669f4a9f56e32c35bc8bb35fe7e131dc36'}, 'email': 'samharshe29@gmail.com', 'root': '/Users/samharshe/Documents/Gerstein Lab/QM9 Pro', 'host': 'Sams-MBP-2.wireless.yale.internal', 'username': 'samharshe', 'executable': '/usr/local/Caskroom/miniconda/base/envs/GDL/bin/python', 'cpu_count': 2, 'cpu_count_logical': 4, 'cpu_freq': {'current': 3100, 'min': 3100, 'max': 3100}, 'cpu_freq_per_core': [{'current': 3100, 'min': 3100, 'max': 3100}], 'disk': {'/': {'total': 233.46913528442383, 'used': 211.81739044189453}}, 'memory': {'total': 8.0}}
2024-04-17 16:54:46,235 INFO    HandlerThread:13694 [system_monitor.py:probe():224] Finished collecting system info
2024-04-17 16:54:46,235 INFO    HandlerThread:13694 [system_monitor.py:probe():227] Publishing system info
2024-04-17 16:54:46,236 DEBUG   HandlerThread:13694 [system_info.py:_save_conda():207] Saving list of conda packages installed into the current environment
2024-04-17 16:54:47,099 INFO    Thread-123:13694 [dir_watcher.py:_on_file_created():271] file/dir created: /Users/samharshe/Documents/Gerstein Lab/QM9 Pro/wandb/run-20240417_165439-mykyhzuc/files/conda-environment.yaml
2024-04-17 16:54:49,613 DEBUG   HandlerThread:13694 [system_info.py:_save_conda():219] Saving conda packages done
2024-04-17 16:54:49,614 INFO    HandlerThread:13694 [system_monitor.py:probe():229] Finished publishing system info
2024-04-17 16:54:49,614 DEBUG   SenderThread:13694 [sender.py:send():378] send: files
2024-04-17 16:54:49,615 INFO    SenderThread:13694 [sender.py:_save_file():1365] saving file wandb-metadata.json with policy now
2024-04-17 16:54:49,824 DEBUG   HandlerThread:13694 [handler.py:handle_request():146] handle_request: python_packages
2024-04-17 16:54:49,826 DEBUG   SenderThread:13694 [sender.py:send_request():405] send_request: python_packages
2024-04-17 16:54:49,827 DEBUG   HandlerThread:13694 [handler.py:handle_request():146] handle_request: stop_status
2024-04-17 16:54:49,828 DEBUG   SenderThread:13694 [sender.py:send_request():405] send_request: stop_status
2024-04-17 16:54:49,828 DEBUG   HandlerThread:13694 [handler.py:handle_request():146] handle_request: internal_messages
2024-04-17 16:54:50,032 INFO    wandb-upload_0:13694 [upload_job.py:push():131] Uploaded file /var/folders/1m/gvn54nz553d8jxtvjvrv56kh0000gn/T/tmpeouygxefwandb/35uzjvhg-wandb-metadata.json
2024-04-17 16:54:50,087 DEBUG   SenderThread:13694 [sender.py:send():378] send: telemetry
2024-04-17 16:54:50,110 INFO    Thread-123:13694 [dir_watcher.py:_on_file_modified():288] file/dir modified: /Users/samharshe/Documents/Gerstein Lab/QM9 Pro/wandb/run-20240417_165439-mykyhzuc/files/conda-environment.yaml
2024-04-17 16:54:50,110 INFO    Thread-123:13694 [dir_watcher.py:_on_file_created():271] file/dir created: /Users/samharshe/Documents/Gerstein Lab/QM9 Pro/wandb/run-20240417_165439-mykyhzuc/files/wandb-metadata.json
2024-04-17 16:54:50,110 INFO    Thread-123:13694 [dir_watcher.py:_on_file_created():271] file/dir created: /Users/samharshe/Documents/Gerstein Lab/QM9 Pro/wandb/run-20240417_165439-mykyhzuc/files/requirements.txt
2024-04-17 16:54:50,111 INFO    Thread-123:13694 [dir_watcher.py:_on_file_created():271] file/dir created: /Users/samharshe/Documents/Gerstein Lab/QM9 Pro/wandb/run-20240417_165439-mykyhzuc/files/output.log
2024-04-17 16:54:51,089 DEBUG   HandlerThread:13694 [handler.py:handle_request():146] handle_request: status_report
2024-04-17 16:54:52,118 INFO    Thread-123:13694 [dir_watcher.py:_on_file_modified():288] file/dir modified: /Users/samharshe/Documents/Gerstein Lab/QM9 Pro/wandb/run-20240417_165439-mykyhzuc/files/output.log
2024-04-17 16:54:54,123 INFO    Thread-123:13694 [dir_watcher.py:_on_file_modified():288] file/dir modified: /Users/samharshe/Documents/Gerstein Lab/QM9 Pro/wandb/run-20240417_165439-mykyhzuc/files/output.log
2024-04-17 16:54:56,131 INFO    Thread-123:13694 [dir_watcher.py:_on_file_modified():288] file/dir modified: /Users/samharshe/Documents/Gerstein Lab/QM9 Pro/wandb/run-20240417_165439-mykyhzuc/files/output.log
2024-04-17 16:54:56,136 DEBUG   HandlerThread:13694 [handler.py:handle_request():146] handle_request: status_report
2024-04-17 16:54:58,134 INFO    Thread-123:13694 [dir_watcher.py:_on_file_modified():288] file/dir modified: /Users/samharshe/Documents/Gerstein Lab/QM9 Pro/wandb/run-20240417_165439-mykyhzuc/files/output.log
2024-04-17 16:55:00,140 INFO    Thread-123:13694 [dir_watcher.py:_on_file_modified():288] file/dir modified: /Users/samharshe/Documents/Gerstein Lab/QM9 Pro/wandb/run-20240417_165439-mykyhzuc/files/output.log
2024-04-17 16:55:01,433 DEBUG   HandlerThread:13694 [handler.py:handle_request():146] handle_request: status_report
2024-04-17 16:55:02,144 INFO    Thread-123:13694 [dir_watcher.py:_on_file_modified():288] file/dir modified: /Users/samharshe/Documents/Gerstein Lab/QM9 Pro/wandb/run-20240417_165439-mykyhzuc/files/output.log
2024-04-17 16:55:04,149 INFO    Thread-123:13694 [dir_watcher.py:_on_file_modified():288] file/dir modified: /Users/samharshe/Documents/Gerstein Lab/QM9 Pro/wandb/run-20240417_165439-mykyhzuc/files/output.log
2024-04-17 16:55:04,830 DEBUG   HandlerThread:13694 [handler.py:handle_request():146] handle_request: stop_status
2024-04-17 16:55:04,831 DEBUG   SenderThread:13694 [sender.py:send_request():405] send_request: stop_status
2024-04-17 16:55:04,832 DEBUG   HandlerThread:13694 [handler.py:handle_request():146] handle_request: internal_messages
2024-04-17 16:55:06,154 INFO    Thread-123:13694 [dir_watcher.py:_on_file_modified():288] file/dir modified: /Users/samharshe/Documents/Gerstein Lab/QM9 Pro/wandb/run-20240417_165439-mykyhzuc/files/output.log
2024-04-17 16:55:06,761 DEBUG   HandlerThread:13694 [handler.py:handle_request():146] handle_request: status_report
2024-04-17 16:55:08,161 INFO    Thread-123:13694 [dir_watcher.py:_on_file_modified():288] file/dir modified: /Users/samharshe/Documents/Gerstein Lab/QM9 Pro/wandb/run-20240417_165439-mykyhzuc/files/output.log
2024-04-17 16:55:10,167 INFO    Thread-123:13694 [dir_watcher.py:_on_file_modified():288] file/dir modified: /Users/samharshe/Documents/Gerstein Lab/QM9 Pro/wandb/run-20240417_165439-mykyhzuc/files/output.log
2024-04-17 16:55:12,170 INFO    Thread-123:13694 [dir_watcher.py:_on_file_modified():288] file/dir modified: /Users/samharshe/Documents/Gerstein Lab/QM9 Pro/wandb/run-20240417_165439-mykyhzuc/files/output.log
2024-04-17 16:55:12,645 DEBUG   HandlerThread:13694 [handler.py:handle_request():146] handle_request: status_report
2024-04-17 16:55:14,176 INFO    Thread-123:13694 [dir_watcher.py:_on_file_modified():288] file/dir modified: /Users/samharshe/Documents/Gerstein Lab/QM9 Pro/wandb/run-20240417_165439-mykyhzuc/files/output.log
2024-04-17 16:55:16,182 INFO    Thread-123:13694 [dir_watcher.py:_on_file_modified():288] file/dir modified: /Users/samharshe/Documents/Gerstein Lab/QM9 Pro/wandb/run-20240417_165439-mykyhzuc/files/output.log
2024-04-17 16:55:18,188 INFO    Thread-123:13694 [dir_watcher.py:_on_file_modified():288] file/dir modified: /Users/samharshe/Documents/Gerstein Lab/QM9 Pro/wandb/run-20240417_165439-mykyhzuc/files/output.log
2024-04-17 16:55:18,518 DEBUG   HandlerThread:13694 [handler.py:handle_request():146] handle_request: status_report
2024-04-17 16:55:19,198 INFO    Thread-123:13694 [dir_watcher.py:_on_file_modified():288] file/dir modified: /Users/samharshe/Documents/Gerstein Lab/QM9 Pro/wandb/run-20240417_165439-mykyhzuc/files/config.yaml
2024-04-17 16:55:19,833 DEBUG   HandlerThread:13694 [handler.py:handle_request():146] handle_request: internal_messages
2024-04-17 16:55:19,834 DEBUG   HandlerThread:13694 [handler.py:handle_request():146] handle_request: stop_status
2024-04-17 16:55:19,834 DEBUG   SenderThread:13694 [sender.py:send_request():405] send_request: stop_status
2024-04-17 16:55:20,200 INFO    Thread-123:13694 [dir_watcher.py:_on_file_modified():288] file/dir modified: /Users/samharshe/Documents/Gerstein Lab/QM9 Pro/wandb/run-20240417_165439-mykyhzuc/files/output.log
2024-04-17 16:55:22,214 INFO    Thread-123:13694 [dir_watcher.py:_on_file_modified():288] file/dir modified: /Users/samharshe/Documents/Gerstein Lab/QM9 Pro/wandb/run-20240417_165439-mykyhzuc/files/output.log
2024-04-17 16:55:24,215 INFO    Thread-123:13694 [dir_watcher.py:_on_file_modified():288] file/dir modified: /Users/samharshe/Documents/Gerstein Lab/QM9 Pro/wandb/run-20240417_165439-mykyhzuc/files/output.log
2024-04-17 16:55:24,243 DEBUG   HandlerThread:13694 [handler.py:handle_request():146] handle_request: status_report
2024-04-17 16:55:26,222 INFO    Thread-123:13694 [dir_watcher.py:_on_file_modified():288] file/dir modified: /Users/samharshe/Documents/Gerstein Lab/QM9 Pro/wandb/run-20240417_165439-mykyhzuc/files/output.log
2024-04-17 16:55:28,229 INFO    Thread-123:13694 [dir_watcher.py:_on_file_modified():288] file/dir modified: /Users/samharshe/Documents/Gerstein Lab/QM9 Pro/wandb/run-20240417_165439-mykyhzuc/files/output.log
2024-04-17 16:55:29,335 DEBUG   HandlerThread:13694 [handler.py:handle_request():146] handle_request: status_report
2024-04-17 16:55:30,235 INFO    Thread-123:13694 [dir_watcher.py:_on_file_modified():288] file/dir modified: /Users/samharshe/Documents/Gerstein Lab/QM9 Pro/wandb/run-20240417_165439-mykyhzuc/files/output.log
2024-04-17 16:55:32,244 INFO    Thread-123:13694 [dir_watcher.py:_on_file_modified():288] file/dir modified: /Users/samharshe/Documents/Gerstein Lab/QM9 Pro/wandb/run-20240417_165439-mykyhzuc/files/output.log
2024-04-17 16:55:34,248 INFO    Thread-123:13694 [dir_watcher.py:_on_file_modified():288] file/dir modified: /Users/samharshe/Documents/Gerstein Lab/QM9 Pro/wandb/run-20240417_165439-mykyhzuc/files/output.log
2024-04-17 16:55:34,840 DEBUG   HandlerThread:13694 [handler.py:handle_request():146] handle_request: stop_status
2024-04-17 16:55:34,841 DEBUG   SenderThread:13694 [sender.py:send_request():405] send_request: stop_status
2024-04-17 16:55:34,842 DEBUG   HandlerThread:13694 [handler.py:handle_request():146] handle_request: internal_messages
2024-04-17 16:55:35,140 DEBUG   HandlerThread:13694 [handler.py:handle_request():146] handle_request: status_report
2024-04-17 16:55:36,255 INFO    Thread-123:13694 [dir_watcher.py:_on_file_modified():288] file/dir modified: /Users/samharshe/Documents/Gerstein Lab/QM9 Pro/wandb/run-20240417_165439-mykyhzuc/files/output.log
2024-04-17 16:55:38,256 INFO    Thread-123:13694 [dir_watcher.py:_on_file_modified():288] file/dir modified: /Users/samharshe/Documents/Gerstein Lab/QM9 Pro/wandb/run-20240417_165439-mykyhzuc/files/output.log
2024-04-17 16:55:40,262 INFO    Thread-123:13694 [dir_watcher.py:_on_file_modified():288] file/dir modified: /Users/samharshe/Documents/Gerstein Lab/QM9 Pro/wandb/run-20240417_165439-mykyhzuc/files/output.log
2024-04-17 16:55:40,447 DEBUG   HandlerThread:13694 [handler.py:handle_request():146] handle_request: status_report
2024-04-17 16:55:42,269 INFO    Thread-123:13694 [dir_watcher.py:_on_file_modified():288] file/dir modified: /Users/samharshe/Documents/Gerstein Lab/QM9 Pro/wandb/run-20240417_165439-mykyhzuc/files/output.log
2024-04-17 16:55:44,273 INFO    Thread-123:13694 [dir_watcher.py:_on_file_modified():288] file/dir modified: /Users/samharshe/Documents/Gerstein Lab/QM9 Pro/wandb/run-20240417_165439-mykyhzuc/files/output.log
2024-04-17 16:55:45,700 DEBUG   HandlerThread:13694 [handler.py:handle_request():146] handle_request: status_report
2024-04-17 16:55:46,213 DEBUG   SystemMonitor:13694 [system_monitor.py:_start():172] Starting system metrics aggregation loop
2024-04-17 16:55:46,218 DEBUG   SenderThread:13694 [sender.py:send():378] send: stats
2024-04-17 16:55:46,277 INFO    Thread-123:13694 [dir_watcher.py:_on_file_modified():288] file/dir modified: /Users/samharshe/Documents/Gerstein Lab/QM9 Pro/wandb/run-20240417_165439-mykyhzuc/files/output.log
2024-04-17 16:55:49,912 DEBUG   HandlerThread:13694 [handler.py:handle_request():146] handle_request: internal_messages
2024-04-17 16:55:49,914 DEBUG   HandlerThread:13694 [handler.py:handle_request():146] handle_request: stop_status
2024-04-17 16:55:49,917 DEBUG   SenderThread:13694 [sender.py:send_request():405] send_request: stop_status
2024-04-17 16:55:50,297 INFO    Thread-123:13694 [dir_watcher.py:_on_file_modified():288] file/dir modified: /Users/samharshe/Documents/Gerstein Lab/QM9 Pro/wandb/run-20240417_165439-mykyhzuc/files/output.log
2024-04-17 16:55:51,477 DEBUG   HandlerThread:13694 [handler.py:handle_request():146] handle_request: status_report
2024-04-17 16:55:52,519 INFO    Thread-123:13694 [dir_watcher.py:_on_file_modified():288] file/dir modified: /Users/samharshe/Documents/Gerstein Lab/QM9 Pro/wandb/run-20240417_165439-mykyhzuc/files/output.log
2024-04-17 16:55:54,524 INFO    Thread-123:13694 [dir_watcher.py:_on_file_modified():288] file/dir modified: /Users/samharshe/Documents/Gerstein Lab/QM9 Pro/wandb/run-20240417_165439-mykyhzuc/files/output.log
2024-04-17 16:55:56,533 INFO    Thread-123:13694 [dir_watcher.py:_on_file_modified():288] file/dir modified: /Users/samharshe/Documents/Gerstein Lab/QM9 Pro/wandb/run-20240417_165439-mykyhzuc/files/output.log
2024-04-17 16:55:57,325 DEBUG   HandlerThread:13694 [handler.py:handle_request():146] handle_request: status_report
2024-04-17 16:55:58,544 INFO    Thread-123:13694 [dir_watcher.py:_on_file_modified():288] file/dir modified: /Users/samharshe/Documents/Gerstein Lab/QM9 Pro/wandb/run-20240417_165439-mykyhzuc/files/output.log
2024-04-17 16:56:00,557 INFO    Thread-123:13694 [dir_watcher.py:_on_file_modified():288] file/dir modified: /Users/samharshe/Documents/Gerstein Lab/QM9 Pro/wandb/run-20240417_165439-mykyhzuc/files/output.log
2024-04-17 16:56:02,432 DEBUG   HandlerThread:13694 [handler.py:handle_request():146] handle_request: status_report
2024-04-17 16:56:02,564 INFO    Thread-123:13694 [dir_watcher.py:_on_file_modified():288] file/dir modified: /Users/samharshe/Documents/Gerstein Lab/QM9 Pro/wandb/run-20240417_165439-mykyhzuc/files/output.log
2024-04-17 16:56:04,572 INFO    Thread-123:13694 [dir_watcher.py:_on_file_modified():288] file/dir modified: /Users/samharshe/Documents/Gerstein Lab/QM9 Pro/wandb/run-20240417_165439-mykyhzuc/files/output.log
2024-04-17 16:56:05,120 DEBUG   HandlerThread:13694 [handler.py:handle_request():146] handle_request: stop_status
2024-04-17 16:56:05,121 DEBUG   HandlerThread:13694 [handler.py:handle_request():146] handle_request: internal_messages
2024-04-17 16:56:05,121 DEBUG   SenderThread:13694 [sender.py:send_request():405] send_request: stop_status
2024-04-17 16:56:06,734 INFO    Thread-123:13694 [dir_watcher.py:_on_file_modified():288] file/dir modified: /Users/samharshe/Documents/Gerstein Lab/QM9 Pro/wandb/run-20240417_165439-mykyhzuc/files/output.log
2024-04-17 16:56:07,692 DEBUG   HandlerThread:13694 [handler.py:handle_request():146] handle_request: status_report
2024-04-17 16:56:08,747 INFO    Thread-123:13694 [dir_watcher.py:_on_file_modified():288] file/dir modified: /Users/samharshe/Documents/Gerstein Lab/QM9 Pro/wandb/run-20240417_165439-mykyhzuc/files/output.log
2024-04-17 16:56:10,759 INFO    Thread-123:13694 [dir_watcher.py:_on_file_modified():288] file/dir modified: /Users/samharshe/Documents/Gerstein Lab/QM9 Pro/wandb/run-20240417_165439-mykyhzuc/files/output.log
2024-04-17 16:57:16,019 DEBUG   HandlerThread:13694 [handler.py:handle_request():146] handle_request: status_report
2024-04-17 16:57:16,024 INFO    Thread-123:13694 [dir_watcher.py:_on_file_modified():288] file/dir modified: /Users/samharshe/Documents/Gerstein Lab/QM9 Pro/wandb/run-20240417_165439-mykyhzuc/files/output.log
2024-04-17 16:57:19,748 DEBUG   SenderThread:13694 [sender.py:send():378] send: stats
2024-04-17 16:57:20,080 INFO    Thread-123:13694 [dir_watcher.py:_on_file_modified():288] file/dir modified: /Users/samharshe/Documents/Gerstein Lab/QM9 Pro/wandb/run-20240417_165439-mykyhzuc/files/output.log
2024-04-17 16:57:21,751 DEBUG   HandlerThread:13694 [handler.py:handle_request():146] handle_request: status_report
2024-04-17 16:57:23,448 DEBUG   HandlerThread:13694 [handler.py:handle_request():146] handle_request: internal_messages
2024-04-17 16:57:23,450 DEBUG   HandlerThread:13694 [handler.py:handle_request():146] handle_request: stop_status
2024-04-17 16:57:23,451 DEBUG   SenderThread:13694 [sender.py:send_request():405] send_request: stop_status
2024-04-17 16:57:28,468 DEBUG   HandlerThread:13694 [handler.py:handle_request():146] handle_request: keepalive
2024-04-17 16:57:33,483 DEBUG   HandlerThread:13694 [handler.py:handle_request():146] handle_request: keepalive
2024-04-17 16:57:38,451 DEBUG   HandlerThread:13694 [handler.py:handle_request():146] handle_request: internal_messages
2024-04-17 16:57:42,321 DEBUG   HandlerThread:13694 [handler.py:handle_request():146] handle_request: poll_exit
2024-04-17 16:57:46,839 INFO    SenderThread:13694 [retry.py:__call__():172] Retry attempt failed:
Traceback (most recent call last):
  File "/usr/local/Caskroom/miniconda/base/envs/GDL/lib/python3.11/site-packages/urllib3/connection.py", line 198, in _new_conn
    sock = connection.create_connection(
           ^^^^^^^^^^^^^^^^^^^^^^^^^^^^^
  File "/usr/local/Caskroom/miniconda/base/envs/GDL/lib/python3.11/site-packages/urllib3/util/connection.py", line 60, in create_connection
    for res in socket.getaddrinfo(host, port, family, socket.SOCK_STREAM):
               ^^^^^^^^^^^^^^^^^^^^^^^^^^^^^^^^^^^^^^^^^^^^^^^^^^^^^^^^^^
  File "/usr/local/Caskroom/miniconda/base/envs/GDL/lib/python3.11/socket.py", line 962, in getaddrinfo
    for res in _socket.getaddrinfo(host, port, family, type, proto, flags):
               ^^^^^^^^^^^^^^^^^^^^^^^^^^^^^^^^^^^^^^^^^^^^^^^^^^^^^^^^^^^
socket.gaierror: [Errno 8] nodename nor servname provided, or not known

The above exception was the direct cause of the following exception:

Traceback (most recent call last):
  File "/usr/local/Caskroom/miniconda/base/envs/GDL/lib/python3.11/site-packages/urllib3/connectionpool.py", line 793, in urlopen
    response = self._make_request(
               ^^^^^^^^^^^^^^^^^^^
  File "/usr/local/Caskroom/miniconda/base/envs/GDL/lib/python3.11/site-packages/urllib3/connectionpool.py", line 491, in _make_request
    raise new_e
  File "/usr/local/Caskroom/miniconda/base/envs/GDL/lib/python3.11/site-packages/urllib3/connectionpool.py", line 467, in _make_request
    self._validate_conn(conn)
  File "/usr/local/Caskroom/miniconda/base/envs/GDL/lib/python3.11/site-packages/urllib3/connectionpool.py", line 1099, in _validate_conn
    conn.connect()
  File "/usr/local/Caskroom/miniconda/base/envs/GDL/lib/python3.11/site-packages/urllib3/connection.py", line 616, in connect
    self.sock = sock = self._new_conn()
                       ^^^^^^^^^^^^^^^^
  File "/usr/local/Caskroom/miniconda/base/envs/GDL/lib/python3.11/site-packages/urllib3/connection.py", line 205, in _new_conn
    raise NameResolutionError(self.host, self, e) from e
urllib3.exceptions.NameResolutionError: <urllib3.connection.HTTPSConnection object at 0x109082dd0>: Failed to resolve 'api.wandb.ai' ([Errno 8] nodename nor servname provided, or not known)

The above exception was the direct cause of the following exception:

Traceback (most recent call last):
  File "/usr/local/Caskroom/miniconda/base/envs/GDL/lib/python3.11/site-packages/requests/adapters.py", line 486, in send
    resp = conn.urlopen(
           ^^^^^^^^^^^^^
  File "/usr/local/Caskroom/miniconda/base/envs/GDL/lib/python3.11/site-packages/urllib3/connectionpool.py", line 847, in urlopen
    retries = retries.increment(
              ^^^^^^^^^^^^^^^^^^
  File "/usr/local/Caskroom/miniconda/base/envs/GDL/lib/python3.11/site-packages/urllib3/util/retry.py", line 515, in increment
    raise MaxRetryError(_pool, url, reason) from reason  # type: ignore[arg-type]
    ^^^^^^^^^^^^^^^^^^^^^^^^^^^^^^^^^^^^^^^^^^^^^^^^^^^
urllib3.exceptions.MaxRetryError: HTTPSConnectionPool(host='api.wandb.ai', port=443): Max retries exceeded with url: /graphql (Caused by NameResolutionError("<urllib3.connection.HTTPSConnection object at 0x109082dd0>: Failed to resolve 'api.wandb.ai' ([Errno 8] nodename nor servname provided, or not known)"))

During handling of the above exception, another exception occurred:

Traceback (most recent call last):
  File "/usr/local/Caskroom/miniconda/base/envs/GDL/lib/python3.11/site-packages/wandb/sdk/lib/retry.py", line 131, in __call__
    result = self._call_fn(*args, **kwargs)
             ^^^^^^^^^^^^^^^^^^^^^^^^^^^^^^
  File "/usr/local/Caskroom/miniconda/base/envs/GDL/lib/python3.11/site-packages/wandb/sdk/internal/internal_api.py", line 369, in execute
    return self.client.execute(*args, **kwargs)  # type: ignore
           ^^^^^^^^^^^^^^^^^^^^^^^^^^^^^^^^^^^^
  File "/usr/local/Caskroom/miniconda/base/envs/GDL/lib/python3.11/site-packages/wandb/vendor/gql-0.2.0/wandb_gql/client.py", line 52, in execute
    result = self._get_result(document, *args, **kwargs)
             ^^^^^^^^^^^^^^^^^^^^^^^^^^^^^^^^^^^^^^^^^^^
  File "/usr/local/Caskroom/miniconda/base/envs/GDL/lib/python3.11/site-packages/wandb/vendor/gql-0.2.0/wandb_gql/client.py", line 60, in _get_result
    return self.transport.execute(document, *args, **kwargs)
           ^^^^^^^^^^^^^^^^^^^^^^^^^^^^^^^^^^^^^^^^^^^^^^^^^
  File "/usr/local/Caskroom/miniconda/base/envs/GDL/lib/python3.11/site-packages/wandb/sdk/lib/gql_request.py", line 58, in execute
    request = self.session.post(self.url, **post_args)
              ^^^^^^^^^^^^^^^^^^^^^^^^^^^^^^^^^^^^^^^^
  File "/usr/local/Caskroom/miniconda/base/envs/GDL/lib/python3.11/site-packages/requests/sessions.py", line 637, in post
    return self.request("POST", url, data=data, json=json, **kwargs)
           ^^^^^^^^^^^^^^^^^^^^^^^^^^^^^^^^^^^^^^^^^^^^^^^^^^^^^^^^^
  File "/usr/local/Caskroom/miniconda/base/envs/GDL/lib/python3.11/site-packages/requests/sessions.py", line 589, in request
    resp = self.send(prep, **send_kwargs)
           ^^^^^^^^^^^^^^^^^^^^^^^^^^^^^^
  File "/usr/local/Caskroom/miniconda/base/envs/GDL/lib/python3.11/site-packages/requests/sessions.py", line 703, in send
    r = adapter.send(request, **kwargs)
        ^^^^^^^^^^^^^^^^^^^^^^^^^^^^^^^
  File "/usr/local/Caskroom/miniconda/base/envs/GDL/lib/python3.11/site-packages/requests/adapters.py", line 519, in send
    raise ConnectionError(e, request=request)
requests.exceptions.ConnectionError: HTTPSConnectionPool(host='api.wandb.ai', port=443): Max retries exceeded with url: /graphql (Caused by NameResolutionError("<urllib3.connection.HTTPSConnection object at 0x109082dd0>: Failed to resolve 'api.wandb.ai' ([Errno 8] nodename nor servname provided, or not known)"))
2024-04-17 16:57:47,326 DEBUG   HandlerThread:13694 [handler.py:handle_request():146] handle_request: keepalive
2024-04-17 16:57:52,678 DEBUG   SenderThread:13694 [sender.py:send():378] send: telemetry
2024-04-17 16:57:52,678 DEBUG   HandlerThread:13694 [handler.py:handle_request():146] handle_request: status_report
2024-04-17 16:57:52,678 DEBUG   SenderThread:13694 [sender.py:send():378] send: exit
2024-04-17 16:57:52,679 INFO    SenderThread:13694 [sender.py:send_exit():585] handling exit code: 0
2024-04-17 16:57:52,679 INFO    SenderThread:13694 [sender.py:send_exit():587] handling runtime: 175
2024-04-17 16:57:52,679 INFO    SenderThread:13694 [sender.py:_save_file():1365] saving file wandb-summary.json with policy end
2024-04-17 16:57:52,680 INFO    SenderThread:13694 [sender.py:send_exit():593] send defer
2024-04-17 16:57:52,680 DEBUG   SenderThread:13694 [sender.py:send_request():405] send_request: poll_exit
2024-04-17 16:57:52,680 DEBUG   SenderThread:13694 [sender.py:send():378] send: stats
2024-04-17 16:57:52,680 DEBUG   HandlerThread:13694 [handler.py:handle_request():146] handle_request: defer
2024-04-17 16:57:52,681 INFO    HandlerThread:13694 [handler.py:handle_request_defer():172] handle defer: 0
2024-04-17 16:57:52,681 DEBUG   SenderThread:13694 [sender.py:send_request():405] send_request: defer
2024-04-17 16:57:52,681 INFO    SenderThread:13694 [sender.py:send_request_defer():609] handle sender defer: 0
2024-04-17 16:57:52,681 INFO    SenderThread:13694 [sender.py:transition_state():613] send defer: 1
2024-04-17 16:57:52,682 DEBUG   HandlerThread:13694 [handler.py:handle_request():146] handle_request: defer
2024-04-17 16:57:52,682 INFO    HandlerThread:13694 [handler.py:handle_request_defer():172] handle defer: 1
2024-04-17 16:57:52,682 DEBUG   SenderThread:13694 [sender.py:send_request():405] send_request: defer
2024-04-17 16:57:52,682 INFO    SenderThread:13694 [sender.py:send_request_defer():609] handle sender defer: 1
2024-04-17 16:57:52,682 INFO    SenderThread:13694 [sender.py:transition_state():613] send defer: 2
2024-04-17 16:57:52,682 DEBUG   HandlerThread:13694 [handler.py:handle_request():146] handle_request: defer
2024-04-17 16:57:52,682 INFO    HandlerThread:13694 [handler.py:handle_request_defer():172] handle defer: 2
2024-04-17 16:57:52,682 INFO    HandlerThread:13694 [system_monitor.py:finish():203] Stopping system monitor
2024-04-17 16:57:52,683 DEBUG   SystemMonitor:13694 [system_monitor.py:_start():179] Finished system metrics aggregation loop
2024-04-17 16:57:52,683 INFO    HandlerThread:13694 [interfaces.py:finish():202] Joined cpu monitor
2024-04-17 16:57:52,683 DEBUG   SystemMonitor:13694 [system_monitor.py:_start():183] Publishing last batch of metrics
2024-04-17 16:57:52,683 INFO    HandlerThread:13694 [interfaces.py:finish():202] Joined disk monitor
2024-04-17 16:57:52,684 INFO    HandlerThread:13694 [interfaces.py:finish():202] Joined memory monitor
2024-04-17 16:57:52,684 INFO    HandlerThread:13694 [interfaces.py:finish():202] Joined network monitor
2024-04-17 16:57:52,685 DEBUG   SenderThread:13694 [sender.py:send_request():405] send_request: defer
2024-04-17 16:57:52,685 INFO    SenderThread:13694 [sender.py:send_request_defer():609] handle sender defer: 2
2024-04-17 16:57:52,685 INFO    SenderThread:13694 [sender.py:transition_state():613] send defer: 3
2024-04-17 16:57:52,685 DEBUG   SenderThread:13694 [sender.py:send():378] send: stats
2024-04-17 16:57:52,685 DEBUG   HandlerThread:13694 [handler.py:handle_request():146] handle_request: defer
2024-04-17 16:57:52,685 INFO    HandlerThread:13694 [handler.py:handle_request_defer():172] handle defer: 3
2024-04-17 16:57:52,685 DEBUG   SenderThread:13694 [sender.py:send_request():405] send_request: defer
2024-04-17 16:57:52,685 INFO    SenderThread:13694 [sender.py:send_request_defer():609] handle sender defer: 3
2024-04-17 16:57:52,686 INFO    SenderThread:13694 [sender.py:transition_state():613] send defer: 4
2024-04-17 16:57:52,686 DEBUG   HandlerThread:13694 [handler.py:handle_request():146] handle_request: defer
2024-04-17 16:57:52,686 INFO    HandlerThread:13694 [handler.py:handle_request_defer():172] handle defer: 4
2024-04-17 16:57:52,686 DEBUG   SenderThread:13694 [sender.py:send_request():405] send_request: defer
2024-04-17 16:57:52,687 INFO    SenderThread:13694 [sender.py:send_request_defer():609] handle sender defer: 4
2024-04-17 16:57:52,687 INFO    SenderThread:13694 [sender.py:transition_state():613] send defer: 5
2024-04-17 16:57:52,687 DEBUG   HandlerThread:13694 [handler.py:handle_request():146] handle_request: defer
2024-04-17 16:57:52,687 INFO    HandlerThread:13694 [handler.py:handle_request_defer():172] handle defer: 5
2024-04-17 16:57:52,687 DEBUG   SenderThread:13694 [sender.py:send():378] send: summary
2024-04-17 16:57:52,688 INFO    SenderThread:13694 [sender.py:_save_file():1365] saving file wandb-summary.json with policy end
2024-04-17 16:57:52,688 DEBUG   SenderThread:13694 [sender.py:send_request():405] send_request: defer
2024-04-17 16:57:52,688 INFO    SenderThread:13694 [sender.py:send_request_defer():609] handle sender defer: 5
2024-04-17 16:57:52,688 INFO    SenderThread:13694 [sender.py:transition_state():613] send defer: 6
2024-04-17 16:57:52,688 DEBUG   HandlerThread:13694 [handler.py:handle_request():146] handle_request: defer
2024-04-17 16:57:52,688 INFO    HandlerThread:13694 [handler.py:handle_request_defer():172] handle defer: 6
2024-04-17 16:57:52,688 DEBUG   SenderThread:13694 [sender.py:send_request():405] send_request: defer
2024-04-17 16:57:52,688 INFO    SenderThread:13694 [sender.py:send_request_defer():609] handle sender defer: 6
2024-04-17 16:57:52,699 DEBUG   HandlerThread:13694 [handler.py:handle_request():146] handle_request: status_report
2024-04-17 16:57:52,714 INFO    Thread-123:13694 [dir_watcher.py:_on_file_created():271] file/dir created: /Users/samharshe/Documents/Gerstein Lab/QM9 Pro/wandb/run-20240417_165439-mykyhzuc/files/wandb-summary.json
2024-04-17 16:57:52,800 INFO    SenderThread:13694 [sender.py:transition_state():613] send defer: 7
2024-04-17 16:57:52,801 DEBUG   HandlerThread:13694 [handler.py:handle_request():146] handle_request: defer
2024-04-17 16:57:52,801 INFO    HandlerThread:13694 [handler.py:handle_request_defer():172] handle defer: 7
2024-04-17 16:57:52,802 DEBUG   SenderThread:13694 [sender.py:send_request():405] send_request: defer
2024-04-17 16:57:52,802 INFO    SenderThread:13694 [sender.py:send_request_defer():609] handle sender defer: 7
2024-04-17 16:57:52,866 DEBUG   HandlerThread:13694 [handler.py:handle_request():146] handle_request: keepalive
2024-04-17 16:57:52,866 DEBUG   HandlerThread:13694 [handler.py:handle_request():146] handle_request: poll_exit
2024-04-17 16:57:53,720 INFO    Thread-123:13694 [dir_watcher.py:_on_file_modified():288] file/dir modified: /Users/samharshe/Documents/Gerstein Lab/QM9 Pro/wandb/run-20240417_165439-mykyhzuc/files/config.yaml
2024-04-17 16:57:54,722 INFO    Thread-123:13694 [dir_watcher.py:_on_file_modified():288] file/dir modified: /Users/samharshe/Documents/Gerstein Lab/QM9 Pro/wandb/run-20240417_165439-mykyhzuc/files/output.log
2024-04-17 16:57:56,666 INFO    SenderThread:13694 [sender.py:transition_state():613] send defer: 8
2024-04-17 16:57:56,666 DEBUG   SenderThread:13694 [sender.py:send_request():405] send_request: poll_exit
2024-04-17 16:57:56,667 DEBUG   HandlerThread:13694 [handler.py:handle_request():146] handle_request: defer
2024-04-17 16:57:56,667 INFO    HandlerThread:13694 [handler.py:handle_request_defer():172] handle defer: 8
2024-04-17 16:57:56,669 DEBUG   SenderThread:13694 [sender.py:send_request():405] send_request: defer
2024-04-17 16:57:56,669 INFO    SenderThread:13694 [sender.py:send_request_defer():609] handle sender defer: 8
2024-04-17 16:57:56,669 INFO    SenderThread:13694 [job_builder.py:build():298] Attempting to build job artifact
2024-04-17 16:57:56,670 INFO    SenderThread:13694 [job_builder.py:_get_source_type():428] is repo sourced job
2024-04-17 16:57:56,670 INFO    SenderThread:13694 [job_builder.py:_get_program_relpath():446] run is notebook based run
2024-04-17 16:57:56,676 INFO    SenderThread:13694 [job_builder.py:build():404] adding wandb-job metadata file
2024-04-17 16:57:56,684 INFO    SenderThread:13694 [sender.py:transition_state():613] send defer: 9
2024-04-17 16:57:56,684 DEBUG   HandlerThread:13694 [handler.py:handle_request():146] handle_request: defer
2024-04-17 16:57:56,684 INFO    HandlerThread:13694 [handler.py:handle_request_defer():172] handle defer: 9
2024-04-17 16:57:56,685 DEBUG   SenderThread:13694 [sender.py:send():378] send: artifact
2024-04-17 16:57:56,732 INFO    Thread-123:13694 [dir_watcher.py:_on_file_modified():288] file/dir modified: /Users/samharshe/Documents/Gerstein Lab/QM9 Pro/wandb/run-20240417_165439-mykyhzuc/files/output.log
2024-04-17 16:57:56,877 DEBUG   HandlerThread:13694 [handler.py:handle_request():146] handle_request: poll_exit
2024-04-17 16:57:57,664 INFO    SenderThread:13694 [sender.py:send_artifact():1443] sent artifact job-git_github.com_samharshe_QM9-Pro.git_main.ipynb - {'id': 'QXJ0aWZhY3Q6ODAwNDY3NTk1', 'state': 'COMMITTED', 'artifactSequence': {'id': 'QXJ0aWZhY3RDb2xsZWN0aW9uOjE2Mzc3MjEzMg==', 'latestArtifact': {'id': 'QXJ0aWZhY3Q6ODAwNDcyODcz', 'versionIndex': 1}}}
2024-04-17 16:57:57,664 DEBUG   SenderThread:13694 [sender.py:send_request():405] send_request: defer
2024-04-17 16:57:57,664 INFO    SenderThread:13694 [sender.py:send_request_defer():609] handle sender defer: 9
2024-04-17 16:57:57,664 INFO    SenderThread:13694 [dir_watcher.py:finish():358] shutting down directory watcher
2024-04-17 16:57:57,736 INFO    SenderThread:13694 [dir_watcher.py:finish():388] scan: /Users/samharshe/Documents/Gerstein Lab/QM9 Pro/wandb/run-20240417_165439-mykyhzuc/files
2024-04-17 16:57:57,736 INFO    SenderThread:13694 [dir_watcher.py:finish():402] scan save: /Users/samharshe/Documents/Gerstein Lab/QM9 Pro/wandb/run-20240417_165439-mykyhzuc/files/requirements.txt requirements.txt
2024-04-17 16:57:57,736 INFO    SenderThread:13694 [dir_watcher.py:finish():402] scan save: /Users/samharshe/Documents/Gerstein Lab/QM9 Pro/wandb/run-20240417_165439-mykyhzuc/files/output.log output.log
2024-04-17 16:57:57,737 INFO    SenderThread:13694 [dir_watcher.py:finish():402] scan save: /Users/samharshe/Documents/Gerstein Lab/QM9 Pro/wandb/run-20240417_165439-mykyhzuc/files/config.yaml config.yaml
2024-04-17 16:57:57,739 INFO    SenderThread:13694 [dir_watcher.py:finish():402] scan save: /Users/samharshe/Documents/Gerstein Lab/QM9 Pro/wandb/run-20240417_165439-mykyhzuc/files/wandb-summary.json wandb-summary.json
2024-04-17 16:57:57,742 INFO    SenderThread:13694 [dir_watcher.py:finish():402] scan save: /Users/samharshe/Documents/Gerstein Lab/QM9 Pro/wandb/run-20240417_165439-mykyhzuc/files/conda-environment.yaml conda-environment.yaml
2024-04-17 16:57:57,745 INFO    SenderThread:13694 [dir_watcher.py:finish():402] scan save: /Users/samharshe/Documents/Gerstein Lab/QM9 Pro/wandb/run-20240417_165439-mykyhzuc/files/wandb-metadata.json wandb-metadata.json
2024-04-17 16:57:57,745 INFO    SenderThread:13694 [sender.py:transition_state():613] send defer: 10
2024-04-17 16:57:57,746 DEBUG   SenderThread:13694 [sender.py:send_request():405] send_request: poll_exit
2024-04-17 16:57:57,746 DEBUG   HandlerThread:13694 [handler.py:handle_request():146] handle_request: defer
2024-04-17 16:57:57,748 INFO    HandlerThread:13694 [handler.py:handle_request_defer():172] handle defer: 10
2024-04-17 16:57:57,748 DEBUG   HandlerThread:13694 [handler.py:handle_request():146] handle_request: status_report
2024-04-17 16:57:57,750 DEBUG   SenderThread:13694 [sender.py:send_request():405] send_request: defer
2024-04-17 16:57:57,751 INFO    SenderThread:13694 [sender.py:send_request_defer():609] handle sender defer: 10
2024-04-17 16:57:57,751 INFO    SenderThread:13694 [file_pusher.py:finish():172] shutting down file pusher
2024-04-17 16:57:57,881 DEBUG   HandlerThread:13694 [handler.py:handle_request():146] handle_request: poll_exit
2024-04-17 16:57:57,882 DEBUG   SenderThread:13694 [sender.py:send_request():405] send_request: poll_exit
2024-04-17 16:57:58,418 INFO    wandb-upload_4:13694 [upload_job.py:push():131] Uploaded file /Users/samharshe/Documents/Gerstein Lab/QM9 Pro/wandb/run-20240417_165439-mykyhzuc/files/conda-environment.yaml
2024-04-17 16:57:58,514 INFO    wandb-upload_2:13694 [upload_job.py:push():131] Uploaded file /Users/samharshe/Documents/Gerstein Lab/QM9 Pro/wandb/run-20240417_165439-mykyhzuc/files/config.yaml
2024-04-17 16:57:58,516 INFO    wandb-upload_1:13694 [upload_job.py:push():131] Uploaded file /Users/samharshe/Documents/Gerstein Lab/QM9 Pro/wandb/run-20240417_165439-mykyhzuc/files/output.log
2024-04-17 16:57:58,516 INFO    wandb-upload_3:13694 [upload_job.py:push():131] Uploaded file /Users/samharshe/Documents/Gerstein Lab/QM9 Pro/wandb/run-20240417_165439-mykyhzuc/files/wandb-summary.json
2024-04-17 16:57:58,885 DEBUG   HandlerThread:13694 [handler.py:handle_request():146] handle_request: poll_exit
2024-04-17 16:57:58,888 DEBUG   SenderThread:13694 [sender.py:send_request():405] send_request: poll_exit
2024-04-17 16:57:59,890 DEBUG   HandlerThread:13694 [handler.py:handle_request():146] handle_request: poll_exit
2024-04-17 16:57:59,890 DEBUG   SenderThread:13694 [sender.py:send_request():405] send_request: poll_exit
2024-04-17 16:58:00,893 DEBUG   HandlerThread:13694 [handler.py:handle_request():146] handle_request: poll_exit
2024-04-17 16:58:00,894 DEBUG   SenderThread:13694 [sender.py:send_request():405] send_request: poll_exit
2024-04-17 16:58:01,899 DEBUG   HandlerThread:13694 [handler.py:handle_request():146] handle_request: poll_exit
2024-04-17 16:58:01,901 DEBUG   SenderThread:13694 [sender.py:send_request():405] send_request: poll_exit
2024-04-17 16:58:02,904 DEBUG   HandlerThread:13694 [handler.py:handle_request():146] handle_request: poll_exit
2024-04-17 16:58:02,906 DEBUG   HandlerThread:13694 [handler.py:handle_request():146] handle_request: status_report
2024-04-17 16:58:02,907 DEBUG   SenderThread:13694 [sender.py:send_request():405] send_request: poll_exit
2024-04-17 16:58:03,909 DEBUG   HandlerThread:13694 [handler.py:handle_request():146] handle_request: poll_exit
2024-04-17 16:58:03,910 DEBUG   SenderThread:13694 [sender.py:send_request():405] send_request: poll_exit
2024-04-17 16:58:04,912 DEBUG   HandlerThread:13694 [handler.py:handle_request():146] handle_request: poll_exit
2024-04-17 16:58:04,913 DEBUG   SenderThread:13694 [sender.py:send_request():405] send_request: poll_exit
2024-04-17 16:58:05,917 DEBUG   HandlerThread:13694 [handler.py:handle_request():146] handle_request: poll_exit
2024-04-17 16:58:05,918 DEBUG   SenderThread:13694 [sender.py:send_request():405] send_request: poll_exit
2024-04-17 16:58:06,921 DEBUG   HandlerThread:13694 [handler.py:handle_request():146] handle_request: poll_exit
2024-04-17 16:58:06,922 DEBUG   SenderThread:13694 [sender.py:send_request():405] send_request: poll_exit
2024-04-17 16:58:07,927 DEBUG   HandlerThread:13694 [handler.py:handle_request():146] handle_request: status_report
2024-04-17 16:58:07,928 DEBUG   HandlerThread:13694 [handler.py:handle_request():146] handle_request: poll_exit
2024-04-17 16:58:07,928 DEBUG   SenderThread:13694 [sender.py:send_request():405] send_request: poll_exit
2024-04-17 16:58:08,931 DEBUG   HandlerThread:13694 [handler.py:handle_request():146] handle_request: poll_exit
2024-04-17 16:58:08,932 DEBUG   SenderThread:13694 [sender.py:send_request():405] send_request: poll_exit
2024-04-17 16:58:09,935 DEBUG   HandlerThread:13694 [handler.py:handle_request():146] handle_request: poll_exit
2024-04-17 16:58:09,935 DEBUG   SenderThread:13694 [sender.py:send_request():405] send_request: poll_exit
2024-04-17 16:58:10,937 DEBUG   HandlerThread:13694 [handler.py:handle_request():146] handle_request: poll_exit
2024-04-17 16:58:10,937 DEBUG   SenderThread:13694 [sender.py:send_request():405] send_request: poll_exit
2024-04-17 16:58:11,941 DEBUG   HandlerThread:13694 [handler.py:handle_request():146] handle_request: poll_exit
2024-04-17 16:58:11,941 DEBUG   SenderThread:13694 [sender.py:send_request():405] send_request: poll_exit
2024-04-17 16:58:12,943 DEBUG   HandlerThread:13694 [handler.py:handle_request():146] handle_request: status_report
2024-04-17 16:58:12,944 DEBUG   HandlerThread:13694 [handler.py:handle_request():146] handle_request: poll_exit
2024-04-17 16:58:12,944 DEBUG   SenderThread:13694 [sender.py:send_request():405] send_request: poll_exit
2024-04-17 16:58:13,947 DEBUG   HandlerThread:13694 [handler.py:handle_request():146] handle_request: poll_exit
2024-04-17 16:58:13,950 DEBUG   SenderThread:13694 [sender.py:send_request():405] send_request: poll_exit
2024-04-17 16:58:14,956 DEBUG   HandlerThread:13694 [handler.py:handle_request():146] handle_request: poll_exit
2024-04-17 16:58:14,956 DEBUG   SenderThread:13694 [sender.py:send_request():405] send_request: poll_exit
2024-04-17 16:58:15,960 DEBUG   HandlerThread:13694 [handler.py:handle_request():146] handle_request: poll_exit
2024-04-17 16:58:15,960 DEBUG   SenderThread:13694 [sender.py:send_request():405] send_request: poll_exit
2024-04-17 16:58:16,965 DEBUG   HandlerThread:13694 [handler.py:handle_request():146] handle_request: poll_exit
2024-04-17 16:58:16,966 DEBUG   SenderThread:13694 [sender.py:send_request():405] send_request: poll_exit
2024-04-17 16:58:17,971 DEBUG   HandlerThread:13694 [handler.py:handle_request():146] handle_request: status_report
2024-04-17 16:58:17,972 DEBUG   HandlerThread:13694 [handler.py:handle_request():146] handle_request: poll_exit
2024-04-17 16:58:17,973 DEBUG   SenderThread:13694 [sender.py:send_request():405] send_request: poll_exit
2024-04-17 16:58:18,975 DEBUG   HandlerThread:13694 [handler.py:handle_request():146] handle_request: poll_exit
2024-04-17 16:58:18,975 DEBUG   SenderThread:13694 [sender.py:send_request():405] send_request: poll_exit
2024-04-17 16:58:19,980 DEBUG   HandlerThread:13694 [handler.py:handle_request():146] handle_request: poll_exit
2024-04-17 16:58:19,981 DEBUG   SenderThread:13694 [sender.py:send_request():405] send_request: poll_exit
2024-04-17 16:58:20,985 DEBUG   HandlerThread:13694 [handler.py:handle_request():146] handle_request: poll_exit
2024-04-17 16:58:20,987 DEBUG   SenderThread:13694 [sender.py:send_request():405] send_request: poll_exit
2024-04-17 16:58:21,985 DEBUG   HandlerThread:13694 [handler.py:handle_request():146] handle_request: poll_exit
2024-04-17 16:58:21,986 DEBUG   SenderThread:13694 [sender.py:send_request():405] send_request: poll_exit
2024-04-17 16:58:22,988 DEBUG   HandlerThread:13694 [handler.py:handle_request():146] handle_request: status_report
2024-04-17 16:58:22,988 DEBUG   HandlerThread:13694 [handler.py:handle_request():146] handle_request: poll_exit
2024-04-17 16:58:22,989 DEBUG   SenderThread:13694 [sender.py:send_request():405] send_request: poll_exit
2024-04-17 16:58:23,992 DEBUG   HandlerThread:13694 [handler.py:handle_request():146] handle_request: poll_exit
2024-04-17 16:58:23,993 DEBUG   SenderThread:13694 [sender.py:send_request():405] send_request: poll_exit
2024-04-17 16:58:24,995 DEBUG   HandlerThread:13694 [handler.py:handle_request():146] handle_request: poll_exit
2024-04-17 16:58:24,996 DEBUG   SenderThread:13694 [sender.py:send_request():405] send_request: poll_exit
2024-04-17 16:58:26,002 DEBUG   HandlerThread:13694 [handler.py:handle_request():146] handle_request: poll_exit
2024-04-17 16:58:26,007 DEBUG   SenderThread:13694 [sender.py:send_request():405] send_request: poll_exit
2024-04-17 16:58:26,561 WARNING FileStreamThread:13694 [file_stream.py:request_with_retry():668] requests_with_retry encountered retryable exception: ('Connection aborted.', RemoteDisconnected('Remote end closed connection without response')). func: functools.partial(<bound method Session.post of <requests.sessions.Session object at 0x11876fcd0>>, timeout=180.0), args: ('https://api.wandb.ai/files/sharshe/QM9-Pro/mykyhzuc/file_stream',), kwargs: {'json': {'files': {'output.log': {'offset': 59, 'content': ['2024-04-17T20:56:06.590730 EPOCH 6 OF 10 | MOST RECENT TRAIN LOSS: 0.6856153011322021\n', '2024-04-17T20:56:08.600519 EPOCH 6 OF 10 | MOST RECENT TRAIN LOSS: 0.7193281650543213\n', '2024-04-17T20:56:08.600519 EPOCH 6 OF 10 | VAL MEAN LOSS: 0.7021306753158569\n', '2024-04-17T20:56:08.600519 EPOCH 7 OF 10 | MOST RECENT TRAIN LOSS: 0.7044305801391602\n', '2024-04-17T20:56:10.609077 EPOCH 7 OF 10 | MOST RECENT TRAIN LOSS: 0.7213621139526367\n', '2024-04-17T20:57:16.021522 EPOCH 7 OF 10 | MOST RECENT TRAIN LOSS: 0.7232084274291992\n']}}, 'dropped': 0}}
2024-04-17 16:58:28,015 DEBUG   HandlerThread:13694 [handler.py:handle_request():146] handle_request: status_report
2024-04-17 16:58:33,023 DEBUG   HandlerThread:13694 [handler.py:handle_request():146] handle_request: status_report
2024-04-17 16:58:38,042 DEBUG   HandlerThread:13694 [handler.py:handle_request():146] handle_request: status_report
